[INFO] Console - predicting pockets for proteins from dataset [AF-P29597-F1-model_v6.pdb]
[INFO] PredictPocketsRoutine - outdir: /home/bcheng/splicebind/data/processed/p2rank_output/AF-P29597-F1-model_v6
[INFO] FeatureSetup - enabledFeatures: [chem, volsite, protrusion, bfactor, atom_table]
[INFO] Dataset - processing dataset [AF-P29597-F1-model_v6.pdb] using 1 thread
[INFO] Dataset - 
------------------------------------------------------------------------------------------------------------------------
processing [AF-P29597-F1-model_v6.pdb] (1/1)
------------------------------------------------------------------------------------------------------------------------

[INFO] Console - processing [AF-P29597-F1-model_v6.pdb] (1/1)
[INFO] Protein - loading protein [/home/bcheng/splicebind/data/structures/AF-P29597-F1-model_v6.pdb]
[INFO] PdbUtils - loading file [/home/bcheng/splicebind/data/structures/AF-P29597-F1-model_v6.pdb]
[INFO] Struct - all groups in chain A: 1187
[INFO] Struct - all groups in chain A: 1187
[INFO] Struct - 1187 groups in chain A
[INFO] Protein - structure atoms: 9409
[INFO] Protein - protein   atoms: 9183
[INFO] Protein - ignoring ligands
[INFO] FeatureSetup - enabledFeatures: [chem, volsite, protrusion, bfactor, atom_table]
[INFO] Protein - SAS points: 20018
[INFO] Protein - exposed protein atoms: 6175 of 9183
[INFO] InstancePredictor - Creating WekaInstancePredictor
[INFO] SLinkClusterer - clustering [339] elements
[INFO] SLinkClusterer - clusters: [id:17( 3 ), id:20( 5 ), id:34( 4 ), id:41( 8 ), id:43( 3 ), id:49( 22 ), id:62( 2 ), id:63( 1 ), id:65( 4 ), id:66( 1 ), id:69( 12 ), id:70( 3 ), id:77( 1 ), id:87( 1 ), id:99( 6 ), id:102( 1 ), id:105( 8 ), id:108( 6 ), id:109( 19 ), id:110( 3 ), id:126( 1 ), id:136( 6 ), id:137( 2 ), id:141( 3 ), id:146( 1 ), id:147( 8 ), id:168( 2 ), id:171( 1 ), id:174( 1 ), id:175( 15 ), id:187( 1 ), id:189( 5 ), id:202( 1 ), id:210( 10 ), id:211( 36 ), id:224( 8 ), id:226( 1 ), id:227( 3 ), id:237( 3 ), id:265( 23 ), id:272( 2 ), id:273( 1 ), id:275( 3 ), id:282( 1 ), id:283( 1 ), id:291( 1 ), id:292( 1 ), id:295( 3 ), id:301( 25 ), id:303( 21 ), id:313( 11 ), id:325( 10 ), id:328( 1 ), id:329( 3 ), id:330( 3 ), id:332( 1 ), id:333( 4 ), id:336( 1 ), id:337( 1 ), id:338( 1 )]
[INFO] SLinkClusterer - clusters together: 339 / 339
[INFO] PocketPredictor - PREDICTING POCKETS.... ====================================
[INFO] PocketPredictor - SAS POINTS: 20018
[INFO] PocketPredictor - LIGANDABLE POINTS: 339
[INFO] PocketPredictor - CLUSTERS: 60
[INFO] PocketPredictor - FILTERED CLUSTERS: 34
[INFO] PocketPredictor - pocket 1 -  surf_atoms:  60   points:  36   score:   10.7
[INFO] PocketPredictor - pocket 2 -  surf_atoms:  41   points:  22   score:    8.1
[INFO] PocketPredictor - pocket 3 -  surf_atoms:  38   points:  21   score:    7.4
[INFO] PocketPredictor - pocket 4 -  surf_atoms:  28   points:  23   score:    7.3
[INFO] PocketPredictor - pocket 5 -  surf_atoms:  38   points:  25   score:    7.2
[INFO] PocketPredictor - pocket 6 -  surf_atoms:  45   points:  19   score:    6.7
[INFO] PocketPredictor - pocket 7 -  surf_atoms:  41   points:  15   score:    5.7
[INFO] PocketPredictor - pocket 8 -  surf_atoms:  25   points:  10   score:    4.0
[INFO] PocketPredictor - pocket 9 -  surf_atoms:  22   points:  12   score:    3.9
[INFO] PocketPredictor - pocket10 -  surf_atoms:  20   points:  10   score:    3.3
[INFO] PocketPredictor - pocket11 -  surf_atoms:  24   points:   8   score:    3.1
[INFO] PocketPredictor - pocket12 -  surf_atoms:  26   points:  11   score:    3.1
[INFO] PocketPredictor - pocket13 -  surf_atoms:  25   points:   6   score:    2.9
[INFO] PocketPredictor - pocket14 -  surf_atoms:  24   points:   8   score:    2.9
[INFO] PocketPredictor - pocket15 -  surf_atoms:  25   points:   8   score:    2.9
[INFO] PocketPredictor - pocket16 -  surf_atoms:  17   points:   8   score:    2.6
[INFO] PocketPredictor - pocket17 -  surf_atoms:  13   points:   6   score:    2.1
[INFO] PocketPredictor - pocket18 -  surf_atoms:  22   points:   5   score:    2.0
[INFO] PocketPredictor - pocket19 -  surf_atoms:  16   points:   3   score:    1.8
[INFO] PocketPredictor - pocket20 -  surf_atoms:  16   points:   5   score:    1.8
[INFO] PocketPredictor - pocket21 -  surf_atoms:  17   points:   3   score:    1.8
[INFO] PocketPredictor - pocket22 -  surf_atoms:  21   points:   3   score:    1.8
[INFO] PocketPredictor - pocket23 -  surf_atoms:  16   points:   6   score:    1.7
[INFO] PocketPredictor - pocket24 -  surf_atoms:  12   points:   4   score:    1.7
[INFO] PocketPredictor - pocket25 -  surf_atoms:  22   points:   3   score:    1.6
[INFO] PocketPredictor - pocket26 -  surf_atoms:  14   points:   4   score:    1.3
[INFO] PocketPredictor - pocket27 -  surf_atoms:  18   points:   4   score:    1.3
[INFO] PocketPredictor - pocket28 -  surf_atoms:  15   points:   3   score:    1.3
[INFO] PocketPredictor - pocket29 -  surf_atoms:  12   points:   3   score:    1.3
[INFO] PocketPredictor - pocket30 -  surf_atoms:  19   points:   3   score:    1.1
[INFO] PocketPredictor - pocket31 -  surf_atoms:  18   points:   3   score:    0.9
[INFO] PocketPredictor - pocket32 -  surf_atoms:  13   points:   3   score:    0.9
[INFO] PocketPredictor - pocket33 -  surf_atoms:   8   points:   3   score:    0.7
[INFO] PocketPredictor - pocket34 -  surf_atoms:   5   points:   3   score:    0.5
[INFO] OldPymolRenderer - copying [/home/bcheng/splicebind/data/structures/AF-P29597-F1-model_v6.pdb] to [/home/bcheng/splicebind/data/processed/p2rank_output/AF-P29597-F1-model_v6/visualizations/data/AF-P29597-F1-model_v6.pdb]
[INFO] Console - predicting pockets finished in 0 hours 0 minutes 26.623 seconds
[INFO] Console - results saved to directory [/home/bcheng/splicebind/data/processed/p2rank_output/AF-P29597-F1-model_v6]
[INFO] Console - 
[INFO] Console - Finished successfully in 0 hours 0 minutes 31.068 seconds.
