[INFO] Console - predicting pockets for proteins from dataset [AF-Q9Y243-F1-model_v6.pdb]
[INFO] PredictPocketsRoutine - outdir: /home/bcheng/splicebind/data/processed/p2rank_output/AF-Q9Y243-F1-model_v6
[INFO] FeatureSetup - enabledFeatures: [chem, volsite, protrusion, bfactor, atom_table]
[INFO] Dataset - processing dataset [AF-Q9Y243-F1-model_v6.pdb] using 1 thread
[INFO] Dataset - 
------------------------------------------------------------------------------------------------------------------------
processing [AF-Q9Y243-F1-model_v6.pdb] (1/1)
------------------------------------------------------------------------------------------------------------------------

[INFO] Console - processing [AF-Q9Y243-F1-model_v6.pdb] (1/1)
[INFO] Protein - loading protein [/home/bcheng/splicebind/data/structures/AF-Q9Y243-F1-model_v6.pdb]
[INFO] PdbUtils - loading file [/home/bcheng/splicebind/data/structures/AF-Q9Y243-F1-model_v6.pdb]
[INFO] Struct - all groups in chain A: 479
[INFO] Struct - all groups in chain A: 479
[INFO] Struct - 479 groups in chain A
[INFO] Protein - structure atoms: 3923
[INFO] Protein - protein   atoms: 3838
[INFO] Protein - ignoring ligands
[INFO] FeatureSetup - enabledFeatures: [chem, volsite, protrusion, bfactor, atom_table]
[INFO] Protein - SAS points: 8852
[INFO] Protein - exposed protein atoms: 2599 of 3838
[INFO] InstancePredictor - Creating WekaInstancePredictor
[INFO] SLinkClusterer - clustering [66] elements
[INFO] SLinkClusterer - clusters: [id:1( 2 ), id:3( 2 ), id:4( 1 ), id:18( 26 ), id:31( 2 ), id:34( 1 ), id:49( 15 ), id:52( 6 ), id:54( 1 ), id:59( 5 ), id:60( 1 ), id:61( 1 ), id:62( 3 )]
[INFO] SLinkClusterer - clusters together: 66 / 66
[INFO] PocketPredictor - PREDICTING POCKETS.... ====================================
[INFO] PocketPredictor - SAS POINTS: 8852
[INFO] PocketPredictor - LIGANDABLE POINTS: 66
[INFO] PocketPredictor - CLUSTERS: 13
[INFO] PocketPredictor - FILTERED CLUSTERS: 5
[INFO] PocketPredictor - pocket 1 -  surf_atoms:  44   points:  26   score:   12.1
[INFO] PocketPredictor - pocket 2 -  surf_atoms:  30   points:  15   score:    5.0
[INFO] PocketPredictor - pocket 3 -  surf_atoms:  18   points:   5   score:    2.4
[INFO] PocketPredictor - pocket 4 -  surf_atoms:  14   points:   6   score:    2.3
[INFO] PocketPredictor - pocket 5 -  surf_atoms:  17   points:   3   score:    1.3
[INFO] OldPymolRenderer - copying [/home/bcheng/splicebind/data/structures/AF-Q9Y243-F1-model_v6.pdb] to [/home/bcheng/splicebind/data/processed/p2rank_output/AF-Q9Y243-F1-model_v6/visualizations/data/AF-Q9Y243-F1-model_v6.pdb]
[INFO] Console - predicting pockets finished in 0 hours 0 minutes 20.821 seconds
[INFO] Console - results saved to directory [/home/bcheng/splicebind/data/processed/p2rank_output/AF-Q9Y243-F1-model_v6]
[INFO] Console - 
[INFO] Console - Finished successfully in 0 hours 0 minutes 25.455 seconds.
