[INFO] Console - predicting pockets for proteins from dataset [AF-P15056-F1-model_v6.pdb]
[INFO] PredictPocketsRoutine - outdir: /home/bcheng/splicebind/data/processed/p2rank_output/AF-P15056-F1-model_v6
[INFO] FeatureSetup - enabledFeatures: [chem, volsite, protrusion, bfactor, atom_table]
[INFO] Dataset - processing dataset [AF-P15056-F1-model_v6.pdb] using 1 thread
[INFO] Dataset - 
------------------------------------------------------------------------------------------------------------------------
processing [AF-P15056-F1-model_v6.pdb] (1/1)
------------------------------------------------------------------------------------------------------------------------

[INFO] Console - processing [AF-P15056-F1-model_v6.pdb] (1/1)
[INFO] Protein - loading protein [/home/bcheng/splicebind/data/structures/AF-P15056-F1-model_v6.pdb]
[INFO] PdbUtils - loading file [/home/bcheng/splicebind/data/structures/AF-P15056-F1-model_v6.pdb]
[INFO] Struct - all groups in chain A: 766
[INFO] Struct - all groups in chain A: 766
[INFO] Struct - 766 groups in chain A
[INFO] Protein - structure atoms: 5936
[INFO] Protein - protein   atoms: 5831
[INFO] Protein - ignoring ligands
[INFO] FeatureSetup - enabledFeatures: [chem, volsite, protrusion, bfactor, atom_table]
[INFO] Protein - SAS points: 20255
[INFO] Protein - exposed protein atoms: 4773 of 5831
[INFO] InstancePredictor - Creating WekaInstancePredictor
[INFO] SLinkClusterer - clustering [74] elements
[INFO] SLinkClusterer - clusters: [id:0( 1 ), id:1( 1 ), id:2( 1 ), id:12( 6 ), id:15( 1 ), id:18( 8 ), id:22( 4 ), id:30( 1 ), id:35( 13 ), id:49( 2 ), id:60( 3 ), id:61( 24 ), id:69( 3 ), id:73( 6 )]
[INFO] SLinkClusterer - clusters together: 74 / 74
[INFO] PocketPredictor - PREDICTING POCKETS.... ====================================
[INFO] PocketPredictor - SAS POINTS: 20255
[INFO] PocketPredictor - LIGANDABLE POINTS: 74
[INFO] PocketPredictor - CLUSTERS: 14
[INFO] PocketPredictor - FILTERED CLUSTERS: 8
[INFO] PocketPredictor - pocket 1 -  surf_atoms:  33   points:  24   score:    6.5
[INFO] PocketPredictor - pocket 2 -  surf_atoms:  26   points:  13   score:    3.5
[INFO] PocketPredictor - pocket 3 -  surf_atoms:  18   points:   6   score:    2.7
[INFO] PocketPredictor - pocket 4 -  surf_atoms:  25   points:   6   score:    2.6
[INFO] PocketPredictor - pocket 5 -  surf_atoms:  18   points:   8   score:    2.4
[INFO] PocketPredictor - pocket 6 -  surf_atoms:  15   points:   4   score:    1.6
[INFO] PocketPredictor - pocket 7 -  surf_atoms:  17   points:   3   score:    1.2
[INFO] PocketPredictor - pocket 8 -  surf_atoms:  20   points:   3   score:    1.1
[INFO] OldPymolRenderer - copying [/home/bcheng/splicebind/data/structures/AF-P15056-F1-model_v6.pdb] to [/home/bcheng/splicebind/data/processed/p2rank_output/AF-P15056-F1-model_v6/visualizations/data/AF-P15056-F1-model_v6.pdb]
[INFO] Console - predicting pockets finished in 0 hours 0 minutes 22.979 seconds
[INFO] Console - results saved to directory [/home/bcheng/splicebind/data/processed/p2rank_output/AF-P15056-F1-model_v6]
[INFO] Console - 
[INFO] Console - Finished successfully in 0 hours 0 minutes 27.140 seconds.
