[INFO] Console - predicting pockets for proteins from dataset [AF-O00329-F1-model_v6.pdb]
[INFO] PredictPocketsRoutine - outdir: /home/bcheng/splicebind/data/processed/p2rank_output/PIK3CD_canonical
[INFO] FeatureSetup - enabledFeatures: [chem, volsite, protrusion, bfactor, atom_table]
[INFO] Dataset - processing dataset [AF-O00329-F1-model_v6.pdb] using 1 thread
[INFO] Dataset - 
------------------------------------------------------------------------------------------------------------------------
processing [AF-O00329-F1-model_v6.pdb] (1/1)
------------------------------------------------------------------------------------------------------------------------

[INFO] Console - processing [AF-O00329-F1-model_v6.pdb] (1/1)
[INFO] Protein - loading protein [/home/bcheng/splicebind/data/structures/AF-O00329-F1-model_v6.pdb]
[INFO] PdbUtils - loading file [/home/bcheng/splicebind/data/structures/AF-O00329-F1-model_v6.pdb]
[INFO] Struct - all groups in chain A: 1044
[INFO] Struct - all groups in chain A: 1044
[INFO] Struct - 1044 groups in chain A
[INFO] Protein - structure atoms: 8396
[INFO] Protein - protein   atoms: 8237
[INFO] Protein - ignoring ligands
[INFO] FeatureSetup - enabledFeatures: [chem, volsite, protrusion, bfactor, atom_table]
[INFO] Protein - SAS points: 15927
[INFO] Protein - exposed protein atoms: 5354 of 8237
[INFO] InstancePredictor - Creating WekaInstancePredictor
[INFO] SLinkClusterer - clustering [245] elements
[INFO] SLinkClusterer - clusters: [id:12( 8 ), id:35( 4 ), id:38( 6 ), id:45( 20 ), id:47( 15 ), id:51( 2 ), id:52( 1 ), id:60( 15 ), id:65( 6 ), id:68( 1 ), id:69( 1 ), id:75( 3 ), id:86( 29 ), id:87( 3 ), id:127( 29 ), id:131( 2 ), id:144( 23 ), id:152( 2 ), id:165( 1 ), id:190( 3 ), id:203( 3 ), id:204( 1 ), id:205( 7 ), id:218( 33 ), id:219( 3 ), id:227( 3 ), id:233( 4 ), id:235( 4 ), id:238( 3 ), id:244( 10 )]
[INFO] SLinkClusterer - clusters together: 245 / 245
[INFO] PocketPredictor - PREDICTING POCKETS.... ====================================
[INFO] PocketPredictor - SAS POINTS: 15927
[INFO] PocketPredictor - LIGANDABLE POINTS: 245
[INFO] PocketPredictor - CLUSTERS: 30
[INFO] PocketPredictor - FILTERED CLUSTERS: 22
[INFO] PocketPredictor - pocket 1 -  surf_atoms:  47   points:  29   score:   13.0
[INFO] PocketPredictor - pocket 2 -  surf_atoms:  35   points:  33   score:   12.3
[INFO] PocketPredictor - pocket 3 -  surf_atoms:  39   points:  29   score:    8.6
[INFO] PocketPredictor - pocket 4 -  surf_atoms:  35   points:  20   score:    8.1
[INFO] PocketPredictor - pocket 5 -  surf_atoms:  29   points:  23   score:    7.7
[INFO] PocketPredictor - pocket 6 -  surf_atoms:  34   points:  15   score:    5.2
[INFO] PocketPredictor - pocket 7 -  surf_atoms:  29   points:  15   score:    4.3
[INFO] PocketPredictor - pocket 8 -  surf_atoms:  26   points:   8   score:    3.0
[INFO] PocketPredictor - pocket 9 -  surf_atoms:  19   points:   6   score:    2.9
[INFO] PocketPredictor - pocket10 -  surf_atoms:  26   points:  10   score:    2.7
[INFO] PocketPredictor - pocket11 -  surf_atoms:  20   points:   6   score:    2.3
[INFO] PocketPredictor - pocket12 -  surf_atoms:  18   points:   3   score:    2.2
[INFO] PocketPredictor - pocket13 -  surf_atoms:  25   points:   4   score:    1.9
[INFO] PocketPredictor - pocket14 -  surf_atoms:  20   points:   3   score:    1.9
[INFO] PocketPredictor - pocket15 -  surf_atoms:  16   points:   3   score:    1.7
[INFO] PocketPredictor - pocket16 -  surf_atoms:  20   points:   3   score:    1.7
[INFO] PocketPredictor - pocket17 -  surf_atoms:  21   points:   4   score:    1.6
[INFO] PocketPredictor - pocket18 -  surf_atoms:  12   points:   7   score:    1.3
[INFO] PocketPredictor - pocket19 -  surf_atoms:  14   points:   4   score:    1.3
[INFO] PocketPredictor - pocket20 -  surf_atoms:  13   points:   3   score:    1.2
[INFO] PocketPredictor - pocket21 -  surf_atoms:  11   points:   3   score:    0.9
[INFO] PocketPredictor - pocket22 -  surf_atoms:   9   points:   3   score:    0.5
[INFO] OldPymolRenderer - copying [/home/bcheng/splicebind/data/structures/AF-O00329-F1-model_v6.pdb] to [/home/bcheng/splicebind/data/processed/p2rank_output/PIK3CD_canonical/visualizations/data/AF-O00329-F1-model_v6.pdb]
[INFO] Console - predicting pockets finished in 0 hours 0 minutes 22.195 seconds
[INFO] Console - results saved to directory [/home/bcheng/splicebind/data/processed/p2rank_output/PIK3CD_canonical]
[INFO] Console - 
[INFO] Console - Finished successfully in 0 hours 0 minutes 26.461 seconds.
