[INFO] Console - predicting pockets for proteins from dataset [AF-P49761-F1-model_v6.pdb]
[INFO] PredictPocketsRoutine - outdir: /home/bcheng/splicebind/data/processed/p2rank_output/AF-P49761-F1-model_v6
[INFO] FeatureSetup - enabledFeatures: [chem, volsite, protrusion, bfactor, atom_table]
[INFO] Dataset - processing dataset [AF-P49761-F1-model_v6.pdb] using 1 thread
[INFO] Dataset - 
------------------------------------------------------------------------------------------------------------------------
processing [AF-P49761-F1-model_v6.pdb] (1/1)
------------------------------------------------------------------------------------------------------------------------

[INFO] Console - processing [AF-P49761-F1-model_v6.pdb] (1/1)
[INFO] Protein - loading protein [/home/bcheng/splicebind/data/structures/AF-P49761-F1-model_v6.pdb]
[INFO] PdbUtils - loading file [/home/bcheng/splicebind/data/structures/AF-P49761-F1-model_v6.pdb]
[INFO] Struct - all groups in chain A: 490
[INFO] Struct - all groups in chain A: 490
[INFO] Struct - 490 groups in chain A
[INFO] Protein - structure atoms: 4129
[INFO] Protein - protein   atoms: 3980
[INFO] Protein - ignoring ligands
[INFO] FeatureSetup - enabledFeatures: [chem, volsite, protrusion, bfactor, atom_table]
[INFO] Protein - SAS points: 12115
[INFO] Protein - exposed protein atoms: 2874 of 3980
[INFO] InstancePredictor - Creating WekaInstancePredictor
[INFO] SLinkClusterer - clustering [57] elements
[INFO] SLinkClusterer - clusters: [id:0( 1 ), id:34( 4 ), id:35( 1 ), id:36( 1 ), id:37( 1 ), id:45( 3 ), id:47( 30 ), id:51( 7 ), id:53( 1 ), id:54( 2 ), id:55( 5 ), id:56( 1 )]
[INFO] SLinkClusterer - clusters together: 57 / 57
[INFO] PocketPredictor - PREDICTING POCKETS.... ====================================
[INFO] PocketPredictor - SAS POINTS: 12115
[INFO] PocketPredictor - LIGANDABLE POINTS: 57
[INFO] PocketPredictor - CLUSTERS: 12
[INFO] PocketPredictor - FILTERED CLUSTERS: 5
[INFO] PocketPredictor - pocket 1 -  surf_atoms:  45   points:  30   score:   11.8
[INFO] PocketPredictor - pocket 2 -  surf_atoms:  10   points:   5   score:    2.3
[INFO] PocketPredictor - pocket 3 -  surf_atoms:  15   points:   4   score:    2.2
[INFO] PocketPredictor - pocket 4 -  surf_atoms:  22   points:   7   score:    2.0
[INFO] PocketPredictor - pocket 5 -  surf_atoms:  16   points:   3   score:    1.3
[INFO] OldPymolRenderer - copying [/home/bcheng/splicebind/data/structures/AF-P49761-F1-model_v6.pdb] to [/home/bcheng/splicebind/data/processed/p2rank_output/AF-P49761-F1-model_v6/visualizations/data/AF-P49761-F1-model_v6.pdb]
[INFO] Console - predicting pockets finished in 0 hours 0 minutes 20.436 seconds
[INFO] Console - results saved to directory [/home/bcheng/splicebind/data/processed/p2rank_output/AF-P49761-F1-model_v6]
[INFO] Console - 
[INFO] Console - Finished successfully in 0 hours 0 minutes 24.743 seconds.
