[INFO] Console - predicting pockets for proteins from dataset [AF-O60674-F1-model_v6.pdb]
[INFO] PredictPocketsRoutine - outdir: /home/bcheng/splicebind/data/processed/p2rank_output/AF-O60674-F1-model_v6
[INFO] FeatureSetup - enabledFeatures: [chem, volsite, protrusion, bfactor, atom_table]
[INFO] Dataset - processing dataset [AF-O60674-F1-model_v6.pdb] using 1 thread
[INFO] Dataset - 
------------------------------------------------------------------------------------------------------------------------
processing [AF-O60674-F1-model_v6.pdb] (1/1)
------------------------------------------------------------------------------------------------------------------------

[INFO] Console - processing [AF-O60674-F1-model_v6.pdb] (1/1)
[INFO] Protein - loading protein [/home/bcheng/splicebind/data/structures/AF-O60674-F1-model_v6.pdb]
[INFO] PdbUtils - loading file [/home/bcheng/splicebind/data/structures/AF-O60674-F1-model_v6.pdb]
[INFO] Struct - all groups in chain A: 1132
[INFO] Struct - all groups in chain A: 1132
[INFO] Struct - 1132 groups in chain A
[INFO] Protein - structure atoms: 9192
[INFO] Protein - protein   atoms: 9009
[INFO] Protein - ignoring ligands
[INFO] FeatureSetup - enabledFeatures: [chem, volsite, protrusion, bfactor, atom_table]
[INFO] Protein - SAS points: 18633
[INFO] Protein - exposed protein atoms: 5990 of 9009
[INFO] InstancePredictor - Creating WekaInstancePredictor
[INFO] SLinkClusterer - clustering [386] elements
[INFO] SLinkClusterer - clusters: [id:3( 2 ), id:33( 2 ), id:34( 1 ), id:36( 5 ), id:53( 17 ), id:54( 1 ), id:58( 17 ), id:59( 1 ), id:65( 1 ), id:66( 4 ), id:83( 1 ), id:85( 3 ), id:87( 1 ), id:93( 1 ), id:138( 4 ), id:143( 3 ), id:144( 2 ), id:145( 5 ), id:146( 59 ), id:192( 2 ), id:195( 3 ), id:196( 1 ), id:198( 2 ), id:199( 2 ), id:209( 12 ), id:210( 1 ), id:222( 90 ), id:231( 2 ), id:270( 1 ), id:275( 19 ), id:290( 18 ), id:292( 2 ), id:297( 3 ), id:319( 24 ), id:336( 1 ), id:353( 1 ), id:364( 29 ), id:366( 2 ), id:375( 32 ), id:379( 2 ), id:380( 1 ), id:382( 2 ), id:383( 1 ), id:384( 1 ), id:385( 2 )]
[INFO] SLinkClusterer - clusters together: 386 / 386
[INFO] PocketPredictor - PREDICTING POCKETS.... ====================================
[INFO] PocketPredictor - SAS POINTS: 18633
[INFO] PocketPredictor - LIGANDABLE POINTS: 386
[INFO] PocketPredictor - CLUSTERS: 45
[INFO] PocketPredictor - FILTERED CLUSTERS: 18
[INFO] PocketPredictor - pocket 1 -  surf_atoms:  92   points:  90   score:   25.7
[INFO] PocketPredictor - pocket 2 -  surf_atoms:  56   points:  59   score:   22.1
[INFO] PocketPredictor - pocket 3 -  surf_atoms:  56   points:  32   score:    9.5
[INFO] PocketPredictor - pocket 4 -  surf_atoms:  44   points:  29   score:    8.9
[INFO] PocketPredictor - pocket 5 -  surf_atoms:  44   points:  24   score:    8.7
[INFO] PocketPredictor - pocket 6 -  surf_atoms:  40   points:  19   score:    6.9
[INFO] PocketPredictor - pocket 7 -  surf_atoms:  24   points:  18   score:    6.8
[INFO] PocketPredictor - pocket 8 -  surf_atoms:  22   points:  17   score:    6.2
[INFO] PocketPredictor - pocket 9 -  surf_atoms:  32   points:  17   score:    5.9
[INFO] PocketPredictor - pocket10 -  surf_atoms:  20   points:  12   score:    4.1
[INFO] PocketPredictor - pocket11 -  surf_atoms:  18   points:   5   score:    2.5
[INFO] PocketPredictor - pocket12 -  surf_atoms:  18   points:   5   score:    1.8
[INFO] PocketPredictor - pocket13 -  surf_atoms:  13   points:   4   score:    1.8
[INFO] PocketPredictor - pocket14 -  surf_atoms:  13   points:   4   score:    1.4
[INFO] PocketPredictor - pocket15 -  surf_atoms:  16   points:   3   score:    1.4
[INFO] PocketPredictor - pocket16 -  surf_atoms:  16   points:   3   score:    1.1
[INFO] PocketPredictor - pocket17 -  surf_atoms:   7   points:   3   score:    1.0
[INFO] PocketPredictor - pocket18 -  surf_atoms:  12   points:   3   score:    0.9
[INFO] OldPymolRenderer - copying [/home/bcheng/splicebind/data/structures/AF-O60674-F1-model_v6.pdb] to [/home/bcheng/splicebind/data/processed/p2rank_output/AF-O60674-F1-model_v6/visualizations/data/AF-O60674-F1-model_v6.pdb]
[INFO] Console - predicting pockets finished in 0 hours 0 minutes 27.579 seconds
[INFO] Console - results saved to directory [/home/bcheng/splicebind/data/processed/p2rank_output/AF-O60674-F1-model_v6]
[INFO] Console - 
[INFO] Console - Finished successfully in 0 hours 0 minutes 32.338 seconds.
