[INFO] Console - predicting pockets for proteins from dataset [AF-P00533-F1-model_v6.pdb]
[INFO] PredictPocketsRoutine - outdir: /home/bcheng/splicebind/data/processed/p2rank_output/AF-P00533-F1-model_v6
[INFO] FeatureSetup - enabledFeatures: [chem, volsite, protrusion, bfactor, atom_table]
[INFO] Dataset - processing dataset [AF-P00533-F1-model_v6.pdb] using 1 thread
[INFO] Dataset - 
------------------------------------------------------------------------------------------------------------------------
processing [AF-P00533-F1-model_v6.pdb] (1/1)
------------------------------------------------------------------------------------------------------------------------

[INFO] Console - processing [AF-P00533-F1-model_v6.pdb] (1/1)
[INFO] Protein - loading protein [/home/bcheng/splicebind/data/structures/AF-P00533-F1-model_v6.pdb]
[INFO] PdbUtils - loading file [/home/bcheng/splicebind/data/structures/AF-P00533-F1-model_v6.pdb]
[INFO] Struct - all groups in chain A: 1210
[INFO] Struct - all groups in chain A: 1210
[INFO] Struct - 1210 groups in chain A
[INFO] Protein - structure atoms: 9392
[INFO] Protein - protein   atoms: 9223
[INFO] Protein - ignoring ligands
[INFO] FeatureSetup - enabledFeatures: [chem, volsite, protrusion, bfactor, atom_table]
[INFO] Protein - SAS points: 25324
[INFO] Protein - exposed protein atoms: 6765 of 9223
[INFO] InstancePredictor - Creating WekaInstancePredictor
[INFO] SLinkClusterer - clustering [112] elements
[INFO] SLinkClusterer - clusters: [id:0( 1 ), id:3( 1 ), id:5( 3 ), id:17( 6 ), id:23( 3 ), id:24( 1 ), id:27( 1 ), id:28( 2 ), id:34( 1 ), id:41( 7 ), id:43( 1 ), id:44( 1 ), id:45( 1 ), id:51( 3 ), id:52( 4 ), id:55( 4 ), id:60( 5 ), id:61( 1 ), id:62( 1 ), id:74( 1 ), id:79( 1 ), id:86( 4 ), id:87( 5 ), id:94( 1 ), id:95( 1 ), id:96( 1 ), id:98( 6 ), id:102( 8 ), id:106( 18 ), id:109( 14 ), id:110( 1 ), id:111( 4 )]
[INFO] SLinkClusterer - clusters together: 112 / 112
[INFO] PocketPredictor - PREDICTING POCKETS.... ====================================
[INFO] PocketPredictor - SAS POINTS: 25324
[INFO] PocketPredictor - LIGANDABLE POINTS: 112
[INFO] PocketPredictor - CLUSTERS: 32
[INFO] PocketPredictor - FILTERED CLUSTERS: 15
[INFO] PocketPredictor - pocket 1 -  surf_atoms:  33   points:  18   score:    6.1
[INFO] PocketPredictor - pocket 2 -  surf_atoms:  32   points:  14   score:    4.5
[INFO] PocketPredictor - pocket 3 -  surf_atoms:  16   points:   6   score:    2.8
[INFO] PocketPredictor - pocket 4 -  surf_atoms:  25   points:   4   score:    2.6
[INFO] PocketPredictor - pocket 5 -  surf_atoms:  25   points:   8   score:    2.6
[INFO] PocketPredictor - pocket 6 -  surf_atoms:  22   points:   7   score:    2.2
[INFO] PocketPredictor - pocket 7 -  surf_atoms:  26   points:   4   score:    2.1
[INFO] PocketPredictor - pocket 8 -  surf_atoms:  26   points:   5   score:    2.0
[INFO] PocketPredictor - pocket 9 -  surf_atoms:  19   points:   3   score:    1.7
[INFO] PocketPredictor - pocket10 -  surf_atoms:  10   points:   4   score:    1.6
[INFO] PocketPredictor - pocket11 -  surf_atoms:  20   points:   5   score:    1.6
[INFO] PocketPredictor - pocket12 -  surf_atoms:  20   points:   6   score:    1.6
[INFO] PocketPredictor - pocket13 -  surf_atoms:  15   points:   4   score:    1.5
[INFO] PocketPredictor - pocket14 -  surf_atoms:  10   points:   3   score:    1.4
[INFO] PocketPredictor - pocket15 -  surf_atoms:  18   points:   3   score:    1.4
[INFO] OldPymolRenderer - copying [/home/bcheng/splicebind/data/structures/AF-P00533-F1-model_v6.pdb] to [/home/bcheng/splicebind/data/processed/p2rank_output/AF-P00533-F1-model_v6/visualizations/data/AF-P00533-F1-model_v6.pdb]
[INFO] Console - predicting pockets finished in 0 hours 0 minutes 22.171 seconds
[INFO] Console - results saved to directory [/home/bcheng/splicebind/data/processed/p2rank_output/AF-P00533-F1-model_v6]
[INFO] Console - 
[INFO] Console - Finished successfully in 0 hours 0 minutes 27.016 seconds.
