[INFO] Console - predicting pockets for proteins from dataset [AF-Q9HAZ1-F1-model_v6.pdb]
[INFO] PredictPocketsRoutine - outdir: /home/bcheng/splicebind/data/processed/p2rank_output/AF-Q9HAZ1-F1-model_v6
[INFO] FeatureSetup - enabledFeatures: [chem, volsite, protrusion, bfactor, atom_table]
[INFO] Dataset - processing dataset [AF-Q9HAZ1-F1-model_v6.pdb] using 1 thread
[INFO] Dataset - 
------------------------------------------------------------------------------------------------------------------------
processing [AF-Q9HAZ1-F1-model_v6.pdb] (1/1)
------------------------------------------------------------------------------------------------------------------------

[INFO] Console - processing [AF-Q9HAZ1-F1-model_v6.pdb] (1/1)
[INFO] Protein - loading protein [/home/bcheng/splicebind/data/structures/AF-Q9HAZ1-F1-model_v6.pdb]
[INFO] PdbUtils - loading file [/home/bcheng/splicebind/data/structures/AF-Q9HAZ1-F1-model_v6.pdb]
[INFO] Struct - all groups in chain A: 481
[INFO] Struct - all groups in chain A: 481
[INFO] Struct - 481 groups in chain A
[INFO] Protein - structure atoms: 4045
[INFO] Protein - protein   atoms: 3919
[INFO] Protein - ignoring ligands
[INFO] FeatureSetup - enabledFeatures: [chem, volsite, protrusion, bfactor, atom_table]
[INFO] Protein - SAS points: 11281
[INFO] Protein - exposed protein atoms: 2850 of 3919
[INFO] InstancePredictor - Creating WekaInstancePredictor
[INFO] SLinkClusterer - clustering [85] elements
[INFO] SLinkClusterer - clusters: [id:10( 1 ), id:13( 1 ), id:15( 1 ), id:44( 42 ), id:45( 1 ), id:49( 1 ), id:50( 1 ), id:58( 2 ), id:62( 5 ), id:76( 16 ), id:79( 3 ), id:81( 1 ), id:82( 2 ), id:84( 8 )]
[INFO] SLinkClusterer - clusters together: 85 / 85
[INFO] PocketPredictor - PREDICTING POCKETS.... ====================================
[INFO] PocketPredictor - SAS POINTS: 11281
[INFO] PocketPredictor - LIGANDABLE POINTS: 85
[INFO] PocketPredictor - CLUSTERS: 14
[INFO] PocketPredictor - FILTERED CLUSTERS: 5
[INFO] PocketPredictor - pocket 1 -  surf_atoms:  47   points:  42   score:   14.9
[INFO] PocketPredictor - pocket 2 -  surf_atoms:  34   points:  16   score:    5.1
[INFO] PocketPredictor - pocket 3 -  surf_atoms:  23   points:   8   score:    3.7
[INFO] PocketPredictor - pocket 4 -  surf_atoms:  20   points:   5   score:    1.8
[INFO] PocketPredictor - pocket 5 -  surf_atoms:  15   points:   3   score:    1.3
[INFO] OldPymolRenderer - copying [/home/bcheng/splicebind/data/structures/AF-Q9HAZ1-F1-model_v6.pdb] to [/home/bcheng/splicebind/data/processed/p2rank_output/AF-Q9HAZ1-F1-model_v6/visualizations/data/AF-Q9HAZ1-F1-model_v6.pdb]
[INFO] Console - predicting pockets finished in 0 hours 0 minutes 20.373 seconds
[INFO] Console - results saved to directory [/home/bcheng/splicebind/data/processed/p2rank_output/AF-Q9HAZ1-F1-model_v6]
[INFO] Console - 
[INFO] Console - Finished successfully in 0 hours 0 minutes 24.892 seconds.
